running egg_info
creating ../../build/ultrasonicSensorPub/ultrasonicSensorPub.egg-info
writing ../../build/ultrasonicSensorPub/ultrasonicSensorPub.egg-info/PKG-INFO
writing dependency_links to ../../build/ultrasonicSensorPub/ultrasonicSensorPub.egg-info/dependency_links.txt
writing entry points to ../../build/ultrasonicSensorPub/ultrasonicSensorPub.egg-info/entry_points.txt
writing requirements to ../../build/ultrasonicSensorPub/ultrasonicSensorPub.egg-info/requires.txt
writing top-level names to ../../build/ultrasonicSensorPub/ultrasonicSensorPub.egg-info/top_level.txt
writing manifest file '../../build/ultrasonicSensorPub/ultrasonicSensorPub.egg-info/SOURCES.txt'
reading manifest file '../../build/ultrasonicSensorPub/ultrasonicSensorPub.egg-info/SOURCES.txt'
writing manifest file '../../build/ultrasonicSensorPub/ultrasonicSensorPub.egg-info/SOURCES.txt'
running build
running build_py
creating /home/mhatami/Compost-Bin-ROS2/ws/build/ultrasonicSensorPub/build
creating /home/mhatami/Compost-Bin-ROS2/ws/build/ultrasonicSensorPub/build/lib
creating /home/mhatami/Compost-Bin-ROS2/ws/build/ultrasonicSensorPub/build/lib/ultrasonicSensorPub
copying ultrasonicSensorPub/ultrasonicSensorPub.py -> /home/mhatami/Compost-Bin-ROS2/ws/build/ultrasonicSensorPub/build/lib/ultrasonicSensorPub
copying ultrasonicSensorPub/__init__.py -> /home/mhatami/Compost-Bin-ROS2/ws/build/ultrasonicSensorPub/build/lib/ultrasonicSensorPub
running install
running install_lib
creating /home/mhatami/Compost-Bin-ROS2/ws/install/ultrasonicSensorPub/lib/python3.10/site-packages/ultrasonicSensorPub
copying /home/mhatami/Compost-Bin-ROS2/ws/build/ultrasonicSensorPub/build/lib/ultrasonicSensorPub/ultrasonicSensorPub.py -> /home/mhatami/Compost-Bin-ROS2/ws/install/ultrasonicSensorPub/lib/python3.10/site-packages/ultrasonicSensorPub
copying /home/mhatami/Compost-Bin-ROS2/ws/build/ultrasonicSensorPub/build/lib/ultrasonicSensorPub/__init__.py -> /home/mhatami/Compost-Bin-ROS2/ws/install/ultrasonicSensorPub/lib/python3.10/site-packages/ultrasonicSensorPub
byte-compiling /home/mhatami/Compost-Bin-ROS2/ws/install/ultrasonicSensorPub/lib/python3.10/site-packages/ultrasonicSensorPub/ultrasonicSensorPub.py to ultrasonicSensorPub.cpython-310.pyc
byte-compiling /home/mhatami/Compost-Bin-ROS2/ws/install/ultrasonicSensorPub/lib/python3.10/site-packages/ultrasonicSensorPub/__init__.py to __init__.cpython-310.pyc
running install_data
creating /home/mhatami/Compost-Bin-ROS2/ws/install/ultrasonicSensorPub/share/ament_index
creating /home/mhatami/Compost-Bin-ROS2/ws/install/ultrasonicSensorPub/share/ament_index/resource_index
creating /home/mhatami/Compost-Bin-ROS2/ws/install/ultrasonicSensorPub/share/ament_index/resource_index/packages
copying resource/ultrasonicSensorPub -> /home/mhatami/Compost-Bin-ROS2/ws/install/ultrasonicSensorPub/share/ament_index/resource_index/packages
copying package.xml -> /home/mhatami/Compost-Bin-ROS2/ws/install/ultrasonicSensorPub/share/ultrasonicSensorPub
running install_egg_info
Copying ../../build/ultrasonicSensorPub/ultrasonicSensorPub.egg-info to /home/mhatami/Compost-Bin-ROS2/ws/install/ultrasonicSensorPub/lib/python3.10/site-packages/ultrasonicSensorPub-0.0.0-py3.10.egg-info
running install_scripts
Installing usp script to /home/mhatami/Compost-Bin-ROS2/ws/install/ultrasonicSensorPub/lib/ultrasonicSensorPub
writing list of installed files to '/home/mhatami/Compost-Bin-ROS2/ws/build/ultrasonicSensorPub/install.log'
